<?xml version="1.0" encoding="UTF-8"?>
<!-- Generated by org.testng.reporters.JUnitReportReporter -->
<testsuite hostname="Manas-PC" failures="0" tests="1" name="testCases.eBay.addToCat" time="15.184" errors="0" timestamp="28 నవం 2022 03:18:16 GMT" skipped="0">
  <testcase classname="testCases.eBay.addToCat" name="addToCart" time="15.184"/>
</testsuite> <!-- testCases.eBay.addToCat -->
