<?xml version="1.0" encoding="UTF-8"?>
<!-- Generated by org.testng.reporters.JUnitReportReporter -->
<testsuite hostname="Manas-PC" failures="0" tests="1" name="testCases.eBay.newUser" time="30.468" errors="0" timestamp="21 నవం 2022 16:55:16 GMT" skipped="0">
  <testcase classname="testCases.eBay.newUser" name="createAccount" time="30.468"/>
</testsuite> <!-- testCases.eBay.newUser -->
