<?xml version="1.0" encoding="UTF-8"?>
<!-- Generated by org.testng.reporters.JUnitReportReporter -->
<testsuite skipped="0" hostname="Manas-PC" name="testCases.eBay.addToCat" tests="1" failures="0" timestamp="28 Nov 2022 04:27:24 GMT" time="26.387" errors="0">
  <testcase name="addToCart" time="26.387" classname="testCases.eBay.addToCat"/>
</testsuite> <!-- testCases.eBay.addToCat -->
